{"uid":"15f04e10c667c4d6","name":"Checking updating product in bag","fullName":"tests.api.BagApiTests.updateItemTest","historyId":"30bb0d8178b9e150cdb9b1ab589b5e44","time":{"start":1753028256031,"stop":1753028256534,"duration":503},"description":"","status":"failed","statusMessage":"\nexpected: 1\n but was: 3","statusTrace":"org.opentest4j.AssertionFailedError: \nexpected: 1\n but was: 3\n\tat tests.api.BagApiTests.updateItemTest(BagApiTests.java:99)\n\tat java.base/java.lang.reflect.Method.invoke(Method.java:569)\n\tat java.base/java.util.ArrayList.forEach(ArrayList.java:1511)\n\tat java.base/java.util.ArrayList.forEach(ArrayList.java:1511)\n\tSuppressed: java.lang.NullPointerException: Cannot invoke \"org.openqa.selenium.TakesScreenshot.getScreenshotAs(org.openqa.selenium.OutputType)\" because the return value of \"pages.BasePage.getDriver()\" is null\n\t\tat steps.AllureSteps.captureScreenshotSpoiler(AllureSteps.java:15)\n\t\tat utils.AllureExtension.afterTestExecution(AllureExtension.java:13)\n\t\t... 2 more\n","flaky":false,"newFailed":false,"newBroken":false,"newPassed":false,"retriesCount":0,"retriesStatusChange":false,"beforeStages":[],"testStage":{"description":"","status":"failed","statusMessage":"\nexpected: 1\n but was: 3","statusTrace":"org.opentest4j.AssertionFailedError: \nexpected: 1\n but was: 3\n\tat tests.api.BagApiTests.updateItemTest(BagApiTests.java:99)\n\tat java.base/java.lang.reflect.Method.invoke(Method.java:569)\n\tat java.base/java.util.ArrayList.forEach(ArrayList.java:1511)\n\tat java.base/java.util.ArrayList.forEach(ArrayList.java:1511)\n\tSuppressed: java.lang.NullPointerException: Cannot invoke \"org.openqa.selenium.TakesScreenshot.getScreenshotAs(org.openqa.selenium.OutputType)\" because the return value of \"pages.BasePage.getDriver()\" is null\n\t\tat steps.AllureSteps.captureScreenshotSpoiler(AllureSteps.java:15)\n\t\tat utils.AllureExtension.afterTestExecution(AllureExtension.java:13)\n\t\t... 2 more\n","steps":[{"name":"Add item to bag","time":{"start":1753028256032,"stop":1753028256270,"duration":238},"status":"passed","steps":[],"attachments":[{"uid":"29755364885f5487","name":"Request","source":"29755364885f5487.html","type":"text/html","size":3221},{"uid":"31083c772380bf9f","name":"HTTP/1.1 202 Accepted","source":"31083c772380bf9f.html","type":"text/html","size":1643}],"parameters":[{"name":"skuId","value":"0043023894"},{"name":"quantity","value":"1"}],"shouldDisplayMessage":false,"stepsCount":0,"attachmentsCount":2,"hasContent":true,"attachmentStep":false},{"name":"Get bag","time":{"start":1753028256270,"stop":1753028256531,"duration":261},"status":"passed","steps":[],"attachments":[{"uid":"8c85a5c8bc8ace37","name":"Request","source":"8c85a5c8bc8ace37.html","type":"text/html","size":2818},{"uid":"2996004ac81fe041","name":"HTTP/1.1 200 OK","source":"2996004ac81fe041.html","type":"text/html","size":9739}],"parameters":[],"shouldDisplayMessage":false,"stepsCount":0,"attachmentsCount":2,"hasContent":true,"attachmentStep":false},{"name":"Capture screenshot (extension)","time":{"start":1753028256531,"stop":1753028256532,"duration":1},"status":"broken","statusMessage":"Cannot invoke \"org.openqa.selenium.TakesScreenshot.getScreenshotAs(org.openqa.selenium.OutputType)\" because the return value of \"pages.BasePage.getDriver()\" is null","statusTrace":"java.lang.NullPointerException: Cannot invoke \"org.openqa.selenium.TakesScreenshot.getScreenshotAs(org.openqa.selenium.OutputType)\" because the return value of \"pages.BasePage.getDriver()\" is null\n\tat steps.AllureSteps.captureScreenshotSpoiler(AllureSteps.java:15)\n\tat utils.AllureExtension.afterTestExecution(AllureExtension.java:13)\n\tat org.junit.jupiter.engine.descriptor.TestMethodTestDescriptor.lambda$invokeAfterTestExecutionCallbacks$9(TestMethodTestDescriptor.java:237)\n\tat org.junit.jupiter.engine.descriptor.TestMethodTestDescriptor.lambda$invokeAllAfterMethodsOrCallbacks$13(TestMethodTestDescriptor.java:277)\n\tat org.junit.platform.engine.support.hierarchical.ThrowableCollector.execute(ThrowableCollector.java:73)\n\tat org.junit.jupiter.engine.descriptor.TestMethodTestDescriptor.lambda$invokeAllAfterMethodsOrCallbacks$14(TestMethodTestDescriptor.java:277)\n\tat org.junit.platform.commons.util.CollectionUtils.forEachInReverseOrder(CollectionUtils.java:217)\n\tat org.junit.jupiter.engine.descriptor.TestMethodTestDescriptor.invokeAllAfterMethodsOrCallbacks(TestMethodTestDescriptor.java:276)\n\tat org.junit.jupiter.engine.descriptor.TestMethodTestDescriptor.invokeAfterTestExecutionCallbacks(TestMethodTestDescriptor.java:236)\n\tat org.junit.jupiter.engine.descriptor.TestMethodTestDescriptor.execute(TestMethodTestDescriptor.java:141)\n\tat org.junit.jupiter.engine.descriptor.TestMethodTestDescriptor.execute(TestMethodTestDescriptor.java:69)\n\tat org.junit.platform.engine.support.hierarchical.NodeTestTask.lambda$executeRecursively$6(NodeTestTask.java:151)\n\tat org.junit.platform.engine.support.hierarchical.ThrowableCollector.execute(ThrowableCollector.java:73)\n\tat org.junit.platform.engine.support.hierarchical.NodeTestTask.lambda$executeRecursively$8(NodeTestTask.java:141)\n\tat org.junit.platform.engine.support.hierarchical.Node.around(Node.java:137)\n\tat org.junit.platform.engine.support.hierarchical.NodeTestTask.lambda$executeRecursively$9(NodeTestTask.java:139)\n\tat org.junit.platform.engine.support.hierarchical.ThrowableCollector.execute(ThrowableCollector.java:73)\n\tat org.junit.platform.engine.support.hierarchical.NodeTestTask.executeRecursively(NodeTestTask.java:138)\n\tat org.junit.platform.engine.support.hierarchical.NodeTestTask.execute(NodeTestTask.java:95)\n\tat java.base/java.util.ArrayList.forEach(ArrayList.java:1511)\n\tat org.junit.platform.engine.support.hierarchical.SameThreadHierarchicalTestExecutorService.invokeAll(SameThreadHierarchicalTestExecutorService.java:41)\n\tat org.junit.platform.engine.support.hierarchical.NodeTestTask.lambda$executeRecursively$6(NodeTestTask.java:155)\n\tat org.junit.platform.engine.support.hierarchical.ThrowableCollector.execute(ThrowableCollector.java:73)\n\tat org.junit.platform.engine.support.hierarchical.NodeTestTask.lambda$executeRecursively$8(NodeTestTask.java:141)\n\tat org.junit.platform.engine.support.hierarchical.Node.around(Node.java:137)\n\tat org.junit.platform.engine.support.hierarchical.NodeTestTask.lambda$executeRecursively$9(NodeTestTask.java:139)\n\tat org.junit.platform.engine.support.hierarchical.ThrowableCollector.execute(ThrowableCollector.java:73)\n\tat org.junit.platform.engine.support.hierarchical.NodeTestTask.executeRecursively(NodeTestTask.java:138)\n\tat org.junit.platform.engine.support.hierarchical.NodeTestTask.execute(NodeTestTask.java:95)\n\tat java.base/java.util.ArrayList.forEach(ArrayList.java:1511)\n\tat org.junit.platform.engine.support.hierarchical.SameThreadHierarchicalTestExecutorService.invokeAll(SameThreadHierarchicalTestExecutorService.java:41)\n\tat org.junit.platform.engine.support.hierarchical.NodeTestTask.lambda$executeRecursively$6(NodeTestTask.java:155)\n\tat org.junit.platform.engine.support.hierarchical.ThrowableCollector.execute(ThrowableCollector.java:73)\n\tat org.junit.platform.engine.support.hierarchical.NodeTestTask.lambda$executeRecursively$8(NodeTestTask.java:141)\n\tat org.junit.platform.engine.support.hierarchical.Node.around(Node.java:137)\n\tat org.junit.platform.engine.support.hierarchical.NodeTestTask.lambda$executeRecursively$9(NodeTestTask.java:139)\n\tat org.junit.platform.engine.support.hierarchical.ThrowableCollector.execute(ThrowableCollector.java:73)\n\tat org.junit.platform.engine.support.hierarchical.NodeTestTask.executeRecursively(NodeTestTask.java:138)\n\tat org.junit.platform.engine.support.hierarchical.NodeTestTask.execute(NodeTestTask.java:95)\n\tat org.junit.platform.engine.support.hierarchical.SameThreadHierarchicalTestExecutorService.submit(SameThreadHierarchicalTestExecutorService.java:35)\n\tat org.junit.platform.engine.support.hierarchical.HierarchicalTestExecutor.execute(HierarchicalTestExecutor.java:57)\n\tat org.junit.platform.engine.support.hierarchical.HierarchicalTestEngine.execute(HierarchicalTestEngine.java:54)\n\tat org.junit.platform.launcher.core.EngineExecutionOrchestrator.execute(EngineExecutionOrchestrator.java:198)\n\tat org.junit.platform.launcher.core.EngineExecutionOrchestrator.execute(EngineExecutionOrchestrator.java:169)\n\tat org.junit.platform.launcher.core.EngineExecutionOrchestrator.execute(EngineExecutionOrchestrator.java:93)\n\tat org.junit.platform.launcher.core.EngineExecutionOrchestrator.lambda$execute$0(EngineExecutionOrchestrator.java:58)\n\tat org.junit.platform.launcher.core.EngineExecutionOrchestrator.withInterceptedStreams(EngineExecutionOrchestrator.java:141)\n\tat org.junit.platform.launcher.core.EngineExecutionOrchestrator.execute(EngineExecutionOrchestrator.java:57)\n\tat org.junit.platform.launcher.core.DefaultLauncher.execute(DefaultLauncher.java:103)\n\tat org.junit.platform.launcher.core.DefaultLauncher.execute(DefaultLauncher.java:85)\n\tat org.junit.platform.launcher.core.DelegatingLauncher.execute(DelegatingLauncher.java:47)\n\tat org.gradle.api.internal.tasks.testing.junitplatform.JUnitPlatformTestClassProcessor$CollectAllTestClassesExecutor.processAllTestClasses(JUnitPlatformTestClassProcessor.java:124)\n\tat org.gradle.api.internal.tasks.testing.junitplatform.JUnitPlatformTestClassProcessor$CollectAllTestClassesExecutor.access$000(JUnitPlatformTestClassProcessor.java:99)\n\tat org.gradle.api.internal.tasks.testing.junitplatform.JUnitPlatformTestClassProcessor.stop(JUnitPlatformTestClassProcessor.java:94)\n\tat org.gradle.api.internal.tasks.testing.SuiteTestClassProcessor.stop(SuiteTestClassProcessor.java:63)\n\tat java.base/jdk.internal.reflect.NativeMethodAccessorImpl.invoke0(Native Method)\n\tat java.base/jdk.internal.reflect.NativeMethodAccessorImpl.invoke(NativeMethodAccessorImpl.java:77)\n\tat java.base/jdk.internal.reflect.DelegatingMethodAccessorImpl.invoke(DelegatingMethodAccessorImpl.java:43)\n\tat java.base/java.lang.reflect.Method.invoke(Method.java:569)\n\tat org.gradle.internal.dispatch.ReflectionDispatch.dispatch(ReflectionDispatch.java:36)\n\tat org.gradle.internal.dispatch.ReflectionDispatch.dispatch(ReflectionDispatch.java:24)\n\tat org.gradle.internal.dispatch.ContextClassLoaderDispatch.dispatch(ContextClassLoaderDispatch.java:33)\n\tat org.gradle.internal.dispatch.ProxyDispatchAdapter$DispatchingInvocationHandler.invoke(ProxyDispatchAdapter.java:92)\n\tat jdk.proxy1/jdk.proxy1.$Proxy4.stop(Unknown Source)\n\tat org.gradle.api.internal.tasks.testing.worker.TestWorker$3.run(TestWorker.java:200)\n\tat org.gradle.api.internal.tasks.testing.worker.TestWorker.executeAndMaintainThreadName(TestWorker.java:132)\n\tat org.gradle.api.internal.tasks.testing.worker.TestWorker.execute(TestWorker.java:103)\n\tat org.gradle.api.internal.tasks.testing.worker.TestWorker.execute(TestWorker.java:63)\n\tat org.gradle.process.internal.worker.child.ActionExecutionWorker.execute(ActionExecutionWorker.java:56)\n\tat org.gradle.process.internal.worker.child.SystemApplicationClassLoaderWorker.call(SystemApplicationClassLoaderWorker.java:121)\n\tat org.gradle.process.internal.worker.child.SystemApplicationClassLoaderWorker.call(SystemApplicationClassLoaderWorker.java:71)\n\tat worker.org.gradle.process.internal.worker.GradleWorkerMain.run(GradleWorkerMain.java:69)\n\tat worker.org.gradle.process.internal.worker.GradleWorkerMain.main(GradleWorkerMain.java:74)\n","steps":[],"attachments":[],"parameters":[],"shouldDisplayMessage":true,"stepsCount":0,"attachmentsCount":0,"hasContent":true,"attachmentStep":false}],"attachments":[],"parameters":[],"shouldDisplayMessage":true,"stepsCount":3,"attachmentsCount":4,"hasContent":true,"attachmentStep":false},"afterStages":[],"labels":[{"name":"tag","value":"Smoke"},{"name":"tag","value":"API"},{"name":"junit.platform.uniqueid","value":"[engine:junit-jupiter]/[class:tests.api.BagApiTests]/[method:updateItemTest()]"},{"name":"host","value":"pkrvmq0rgcvqdmg"},{"name":"thread","value":"3245@pkrvmq0rgcvqdmg.Test worker(1)"},{"name":"framework","value":"junit-platform"},{"name":"language","value":"java"},{"name":"package","value":"tests.api.BagApiTests"},{"name":"testClass","value":"tests.api.BagApiTests"},{"name":"testMethod","value":"updateItemTest"},{"name":"suite","value":"tests.api.BagApiTests"},{"name":"severity","value":"critical"},{"name":"resultFormat","value":"allure2"}],"parameters":[],"links":[],"hidden":false,"retry":false,"extra":{"severity":"critical","retries":[],"categories":[{"name":"Product defects","matchedStatuses":[],"flaky":false}],"history":{"statistic":{"failed":13,"broken":0,"skipped":0,"passed":0,"unknown":0,"total":13},"items":[{"uid":"68e16446d620df37","reportUrl":"https://ISmeneger.github.io/American_Eagle_java_automation/17//#testresult/68e16446d620df37","status":"failed","statusDetails":"\nexpected: 1\n but was: 3","time":{"start":1752882413558,"stop":1752882414081,"duration":523}},{"uid":"49b7a46bf6265fbc","reportUrl":"https://ISmeneger.github.io/American_Eagle_java_automation/16//#testresult/49b7a46bf6265fbc","status":"failed","statusDetails":"\nexpected: 1\n but was: 3","time":{"start":1752881470383,"stop":1752881470823,"duration":440}},{"uid":"3c9df95243dd1fdb","reportUrl":"https://ISmeneger.github.io/American_Eagle_java_automation/15//#testresult/3c9df95243dd1fdb","status":"failed","statusDetails":"\nexpected: 1\n but was: 3","time":{"start":1752875633218,"stop":1752875633756,"duration":538}},{"uid":"d85fcc92e9861369","reportUrl":"https://ISmeneger.github.io/American_Eagle_java_automation/14//#testresult/d85fcc92e9861369","status":"failed","statusDetails":"\nexpected: 1\n but was: 3","time":{"start":1752873557988,"stop":1752873558510,"duration":522}},{"uid":"a6bfaea112d8158","reportUrl":"https://ISmeneger.github.io/American_Eagle_java_automation/13//#testresult/a6bfaea112d8158","status":"failed","statusDetails":"\nexpected: 1\n but was: 3","time":{"start":1752872189525,"stop":1752872190098,"duration":573}},{"uid":"f2dbdeee6fc7d1eb","reportUrl":"https://ISmeneger.github.io/American_Eagle_java_automation/12//#testresult/f2dbdeee6fc7d1eb","status":"failed","statusDetails":"\nexpected: 1\n but was: 3","time":{"start":1752870008917,"stop":1752870009560,"duration":643}},{"uid":"84cddb06aec20b96","reportUrl":"https://ISmeneger.github.io/American_Eagle_java_automation/11//#testresult/84cddb06aec20b96","status":"failed","statusDetails":"\nexpected: 1\n but was: 3","time":{"start":1752781716408,"stop":1752781716778,"duration":370}},{"uid":"1ba25f7e0d0df02a","reportUrl":"https://ISmeneger.github.io/American_Eagle_java_automation/10//#testresult/1ba25f7e0d0df02a","status":"failed","statusDetails":"\nexpected: 1\n but was: 3","time":{"start":1752777681196,"stop":1752777681592,"duration":396}},{"uid":"62913aacf852a8bc","reportUrl":"https://ISmeneger.github.io/American_Eagle_java_automation/9//#testresult/62913aacf852a8bc","status":"failed","statusDetails":"\nexpected: 1\n but was: 4","time":{"start":1752700595731,"stop":1752700596291,"duration":560}},{"uid":"299582c99497b97f","reportUrl":"https://ISmeneger.github.io/American_Eagle_java_automation/8//#testresult/299582c99497b97f","status":"failed","statusDetails":"\nexpected: 1\n but was: 4","time":{"start":1752518429085,"stop":1752518429738,"duration":653}},{"uid":"bc28baaa66577c91","reportUrl":"https://ISmeneger.github.io/American_Eagle_java_automation/7//#testresult/bc28baaa66577c91","status":"failed","statusDetails":"\nexpected: 1\n but was: 4","time":{"start":1752515665698,"stop":1752515666206,"duration":508}},{"uid":"74a6916cf624a16","reportUrl":"https://ISmeneger.github.io/American_Eagle_java_automation/6//#testresult/74a6916cf624a16","status":"failed","statusDetails":"\nexpected: 1\n but was: 4","time":{"start":1752514857534,"stop":1752514858025,"duration":491}}]},"tags":["API","Smoke"]},"source":"15f04e10c667c4d6.json","parameterValues":[]}