{"uid":"6bf59f3645d94504","name":"Checking getting different products in bag","fullName":"tests.api.BagApiTests.addAndGetItemsTest","historyId":"fd84ac19b2213496e7701950d364d416","time":{"start":1753028253234,"stop":1753028254639,"duration":1405},"description":"","status":"failed","statusMessage":"1 expectation failed.\nExpected status code <202> but was <422>.\n","statusTrace":"java.lang.AssertionError: 1 expectation failed.\nExpected status code <202> but was <422>.\n\n\tat java.base/jdk.internal.reflect.NativeConstructorAccessorImpl.newInstance0(Native Method)\n\tat java.base/jdk.internal.reflect.NativeConstructorAccessorImpl.newInstance(NativeConstructorAccessorImpl.java:77)\n\tat java.base/jdk.internal.reflect.DelegatingConstructorAccessorImpl.newInstance(DelegatingConstructorAccessorImpl.java:45)\n\tat java.base/java.lang.reflect.Constructor.newInstanceWithCaller(Constructor.java:500)\n\tat java.base/java.lang.reflect.Constructor.newInstance(Constructor.java:481)\n\tat org.codehaus.groovy.reflection.CachedConstructor.invoke(CachedConstructor.java:73)\n\tat org.codehaus.groovy.runtime.callsite.ConstructorSite$ConstructorSiteNoUnwrapNoCoerce.callConstructor(ConstructorSite.java:108)\n\tat org.codehaus.groovy.runtime.callsite.CallSiteArray.defaultCallConstructor(CallSiteArray.java:57)\n\tat org.codehaus.groovy.runtime.callsite.AbstractCallSite.callConstructor(AbstractCallSite.java:263)\n\tat org.codehaus.groovy.runtime.callsite.AbstractCallSite.callConstructor(AbstractCallSite.java:277)\n\tat io.restassured.internal.ResponseSpecificationImpl$HamcrestAssertionClosure.validate(ResponseSpecificationImpl.groovy:512)\n\tat io.restassured.internal.ResponseSpecificationImpl$HamcrestAssertionClosure$validate$1.call(Unknown Source)\n\tat io.restassured.internal.ResponseSpecificationImpl.validateResponseIfRequired(ResponseSpecificationImpl.groovy:696)\n\tat io.restassured.internal.ResponseSpecificationImpl.this$2$validateResponseIfRequired(ResponseSpecificationImpl.groovy)\n\tat java.base/jdk.internal.reflect.NativeMethodAccessorImpl.invoke0(Native Method)\n\tat java.base/jdk.internal.reflect.NativeMethodAccessorImpl.invoke(NativeMethodAccessorImpl.java:77)\n\tat java.base/jdk.internal.reflect.DelegatingMethodAccessorImpl.invoke(DelegatingMethodAccessorImpl.java:43)\n\tat java.base/java.lang.reflect.Method.invoke(Method.java:569)\n\tat org.codehaus.groovy.runtime.callsite.PlainObjectMetaMethodSite.doInvoke(PlainObjectMetaMethodSite.java:43)\n\tat org.codehaus.groovy.runtime.callsite.PogoMetaMethodSite$PogoCachedMethodSiteNoUnwrapNoCoerce.invoke(PogoMetaMethodSite.java:198)\n\tat org.codehaus.groovy.runtime.callsite.PogoMetaMethodSite.callCurrent(PogoMetaMethodSite.java:62)\n\tat org.codehaus.groovy.runtime.callsite.AbstractCallSite.callCurrent(AbstractCallSite.java:185)\n\tat io.restassured.internal.ResponseSpecificationImpl.statusCode(ResponseSpecificationImpl.groovy:135)\n\tat io.restassured.specification.ResponseSpecification$statusCode$0.callCurrent(Unknown Source)\n\tat io.restassured.internal.ResponseSpecificationImpl.statusCode(ResponseSpecificationImpl.groovy:143)\n\tat io.restassured.internal.ValidatableResponseOptionsImpl.statusCode(ValidatableResponseOptionsImpl.java:89)\n\tat tests.api.BagApiTests.addAndGetItemsTest(BagApiTests.java:162)\n\tat java.base/java.lang.reflect.Method.invoke(Method.java:569)\n\tat java.base/java.util.ArrayList.forEach(ArrayList.java:1511)\n\tat java.base/java.util.ArrayList.forEach(ArrayList.java:1511)\n\tSuppressed: java.lang.NullPointerException: Cannot invoke \"org.openqa.selenium.TakesScreenshot.getScreenshotAs(org.openqa.selenium.OutputType)\" because the return value of \"pages.BasePage.getDriver()\" is null\n\t\tat steps.AllureSteps.captureScreenshotSpoiler(AllureSteps.java:15)\n\t\tat utils.AllureExtension.afterTestExecution(AllureExtension.java:13)\n\t\t... 2 more\n","flaky":false,"newFailed":false,"newBroken":false,"newPassed":false,"retriesCount":0,"retriesStatusChange":false,"beforeStages":[],"testStage":{"description":"","status":"failed","statusMessage":"1 expectation failed.\nExpected status code <202> but was <422>.\n","statusTrace":"java.lang.AssertionError: 1 expectation failed.\nExpected status code <202> but was <422>.\n\n\tat java.base/jdk.internal.reflect.NativeConstructorAccessorImpl.newInstance0(Native Method)\n\tat java.base/jdk.internal.reflect.NativeConstructorAccessorImpl.newInstance(NativeConstructorAccessorImpl.java:77)\n\tat java.base/jdk.internal.reflect.DelegatingConstructorAccessorImpl.newInstance(DelegatingConstructorAccessorImpl.java:45)\n\tat java.base/java.lang.reflect.Constructor.newInstanceWithCaller(Constructor.java:500)\n\tat java.base/java.lang.reflect.Constructor.newInstance(Constructor.java:481)\n\tat org.codehaus.groovy.reflection.CachedConstructor.invoke(CachedConstructor.java:73)\n\tat org.codehaus.groovy.runtime.callsite.ConstructorSite$ConstructorSiteNoUnwrapNoCoerce.callConstructor(ConstructorSite.java:108)\n\tat org.codehaus.groovy.runtime.callsite.CallSiteArray.defaultCallConstructor(CallSiteArray.java:57)\n\tat org.codehaus.groovy.runtime.callsite.AbstractCallSite.callConstructor(AbstractCallSite.java:263)\n\tat org.codehaus.groovy.runtime.callsite.AbstractCallSite.callConstructor(AbstractCallSite.java:277)\n\tat io.restassured.internal.ResponseSpecificationImpl$HamcrestAssertionClosure.validate(ResponseSpecificationImpl.groovy:512)\n\tat io.restassured.internal.ResponseSpecificationImpl$HamcrestAssertionClosure$validate$1.call(Unknown Source)\n\tat io.restassured.internal.ResponseSpecificationImpl.validateResponseIfRequired(ResponseSpecificationImpl.groovy:696)\n\tat io.restassured.internal.ResponseSpecificationImpl.this$2$validateResponseIfRequired(ResponseSpecificationImpl.groovy)\n\tat java.base/jdk.internal.reflect.NativeMethodAccessorImpl.invoke0(Native Method)\n\tat java.base/jdk.internal.reflect.NativeMethodAccessorImpl.invoke(NativeMethodAccessorImpl.java:77)\n\tat java.base/jdk.internal.reflect.DelegatingMethodAccessorImpl.invoke(DelegatingMethodAccessorImpl.java:43)\n\tat java.base/java.lang.reflect.Method.invoke(Method.java:569)\n\tat org.codehaus.groovy.runtime.callsite.PlainObjectMetaMethodSite.doInvoke(PlainObjectMetaMethodSite.java:43)\n\tat org.codehaus.groovy.runtime.callsite.PogoMetaMethodSite$PogoCachedMethodSiteNoUnwrapNoCoerce.invoke(PogoMetaMethodSite.java:198)\n\tat org.codehaus.groovy.runtime.callsite.PogoMetaMethodSite.callCurrent(PogoMetaMethodSite.java:62)\n\tat org.codehaus.groovy.runtime.callsite.AbstractCallSite.callCurrent(AbstractCallSite.java:185)\n\tat io.restassured.internal.ResponseSpecificationImpl.statusCode(ResponseSpecificationImpl.groovy:135)\n\tat io.restassured.specification.ResponseSpecification$statusCode$0.callCurrent(Unknown Source)\n\tat io.restassured.internal.ResponseSpecificationImpl.statusCode(ResponseSpecificationImpl.groovy:143)\n\tat io.restassured.internal.ValidatableResponseOptionsImpl.statusCode(ValidatableResponseOptionsImpl.java:89)\n\tat tests.api.BagApiTests.addAndGetItemsTest(BagApiTests.java:162)\n\tat java.base/java.lang.reflect.Method.invoke(Method.java:569)\n\tat java.base/java.util.ArrayList.forEach(ArrayList.java:1511)\n\tat java.base/java.util.ArrayList.forEach(ArrayList.java:1511)\n\tSuppressed: java.lang.NullPointerException: Cannot invoke \"org.openqa.selenium.TakesScreenshot.getScreenshotAs(org.openqa.selenium.OutputType)\" because the return value of \"pages.BasePage.getDriver()\" is null\n\t\tat steps.AllureSteps.captureScreenshotSpoiler(AllureSteps.java:15)\n\t\tat utils.AllureExtension.afterTestExecution(AllureExtension.java:13)\n\t\t... 2 more\n","steps":[{"name":"Get bag","time":{"start":1753028253249,"stop":1753028253859,"duration":610},"status":"passed","steps":[],"attachments":[{"uid":"c2dc3fcc1e85156a","name":"Request","source":"c2dc3fcc1e85156a.html","type":"text/html","size":2818},{"uid":"4c7d0284277c4506","name":"HTTP/1.1 200 OK","source":"4c7d0284277c4506.html","type":"text/html","size":4025}],"parameters":[],"shouldDisplayMessage":false,"stepsCount":0,"attachmentsCount":2,"hasContent":true,"attachmentStep":false},{"name":"Add item to bag","time":{"start":1753028254021,"stop":1753028254383,"duration":362},"status":"passed","steps":[],"attachments":[{"uid":"b05c0f3bed6e985","name":"Request","source":"b05c0f3bed6e985.html","type":"text/html","size":3221},{"uid":"8dd6d82265e3d4f6","name":"HTTP/1.1 202 Accepted","source":"8dd6d82265e3d4f6.html","type":"text/html","size":1643}],"parameters":[{"name":"skuId","value":"0043023894"},{"name":"quantity","value":"1"}],"shouldDisplayMessage":false,"stepsCount":0,"attachmentsCount":2,"hasContent":true,"attachmentStep":false},{"name":"Add item to bag","time":{"start":1753028254383,"stop":1753028254603,"duration":220},"status":"passed","steps":[],"attachments":[{"uid":"3efa198d62d4a0da","name":"Request","source":"3efa198d62d4a0da.html","type":"text/html","size":3221},{"uid":"7912e6febe839c57","name":"HTTP/1.1 422 Unprocessable Entity","source":"7912e6febe839c57.html","type":"text/html","size":1866}],"parameters":[{"name":"skuId","value":"0043421387"},{"name":"quantity","value":"1"}],"shouldDisplayMessage":false,"stepsCount":0,"attachmentsCount":2,"hasContent":true,"attachmentStep":false},{"name":"Capture screenshot (extension)","time":{"start":1753028254626,"stop":1753028254629,"duration":3},"status":"broken","statusMessage":"Cannot invoke \"org.openqa.selenium.TakesScreenshot.getScreenshotAs(org.openqa.selenium.OutputType)\" because the return value of \"pages.BasePage.getDriver()\" is null","statusTrace":"java.lang.NullPointerException: Cannot invoke \"org.openqa.selenium.TakesScreenshot.getScreenshotAs(org.openqa.selenium.OutputType)\" because the return value of \"pages.BasePage.getDriver()\" is null\n\tat steps.AllureSteps.captureScreenshotSpoiler(AllureSteps.java:15)\n\tat utils.AllureExtension.afterTestExecution(AllureExtension.java:13)\n\tat org.junit.jupiter.engine.descriptor.TestMethodTestDescriptor.lambda$invokeAfterTestExecutionCallbacks$9(TestMethodTestDescriptor.java:237)\n\tat org.junit.jupiter.engine.descriptor.TestMethodTestDescriptor.lambda$invokeAllAfterMethodsOrCallbacks$13(TestMethodTestDescriptor.java:277)\n\tat org.junit.platform.engine.support.hierarchical.ThrowableCollector.execute(ThrowableCollector.java:73)\n\tat org.junit.jupiter.engine.descriptor.TestMethodTestDescriptor.lambda$invokeAllAfterMethodsOrCallbacks$14(TestMethodTestDescriptor.java:277)\n\tat org.junit.platform.commons.util.CollectionUtils.forEachInReverseOrder(CollectionUtils.java:217)\n\tat org.junit.jupiter.engine.descriptor.TestMethodTestDescriptor.invokeAllAfterMethodsOrCallbacks(TestMethodTestDescriptor.java:276)\n\tat org.junit.jupiter.engine.descriptor.TestMethodTestDescriptor.invokeAfterTestExecutionCallbacks(TestMethodTestDescriptor.java:236)\n\tat org.junit.jupiter.engine.descriptor.TestMethodTestDescriptor.execute(TestMethodTestDescriptor.java:141)\n\tat org.junit.jupiter.engine.descriptor.TestMethodTestDescriptor.execute(TestMethodTestDescriptor.java:69)\n\tat org.junit.platform.engine.support.hierarchical.NodeTestTask.lambda$executeRecursively$6(NodeTestTask.java:151)\n\tat org.junit.platform.engine.support.hierarchical.ThrowableCollector.execute(ThrowableCollector.java:73)\n\tat org.junit.platform.engine.support.hierarchical.NodeTestTask.lambda$executeRecursively$8(NodeTestTask.java:141)\n\tat org.junit.platform.engine.support.hierarchical.Node.around(Node.java:137)\n\tat org.junit.platform.engine.support.hierarchical.NodeTestTask.lambda$executeRecursively$9(NodeTestTask.java:139)\n\tat org.junit.platform.engine.support.hierarchical.ThrowableCollector.execute(ThrowableCollector.java:73)\n\tat org.junit.platform.engine.support.hierarchical.NodeTestTask.executeRecursively(NodeTestTask.java:138)\n\tat org.junit.platform.engine.support.hierarchical.NodeTestTask.execute(NodeTestTask.java:95)\n\tat java.base/java.util.ArrayList.forEach(ArrayList.java:1511)\n\tat org.junit.platform.engine.support.hierarchical.SameThreadHierarchicalTestExecutorService.invokeAll(SameThreadHierarchicalTestExecutorService.java:41)\n\tat org.junit.platform.engine.support.hierarchical.NodeTestTask.lambda$executeRecursively$6(NodeTestTask.java:155)\n\tat org.junit.platform.engine.support.hierarchical.ThrowableCollector.execute(ThrowableCollector.java:73)\n\tat org.junit.platform.engine.support.hierarchical.NodeTestTask.lambda$executeRecursively$8(NodeTestTask.java:141)\n\tat org.junit.platform.engine.support.hierarchical.Node.around(Node.java:137)\n\tat org.junit.platform.engine.support.hierarchical.NodeTestTask.lambda$executeRecursively$9(NodeTestTask.java:139)\n\tat org.junit.platform.engine.support.hierarchical.ThrowableCollector.execute(ThrowableCollector.java:73)\n\tat org.junit.platform.engine.support.hierarchical.NodeTestTask.executeRecursively(NodeTestTask.java:138)\n\tat org.junit.platform.engine.support.hierarchical.NodeTestTask.execute(NodeTestTask.java:95)\n\tat java.base/java.util.ArrayList.forEach(ArrayList.java:1511)\n\tat org.junit.platform.engine.support.hierarchical.SameThreadHierarchicalTestExecutorService.invokeAll(SameThreadHierarchicalTestExecutorService.java:41)\n\tat org.junit.platform.engine.support.hierarchical.NodeTestTask.lambda$executeRecursively$6(NodeTestTask.java:155)\n\tat org.junit.platform.engine.support.hierarchical.ThrowableCollector.execute(ThrowableCollector.java:73)\n\tat org.junit.platform.engine.support.hierarchical.NodeTestTask.lambda$executeRecursively$8(NodeTestTask.java:141)\n\tat org.junit.platform.engine.support.hierarchical.Node.around(Node.java:137)\n\tat org.junit.platform.engine.support.hierarchical.NodeTestTask.lambda$executeRecursively$9(NodeTestTask.java:139)\n\tat org.junit.platform.engine.support.hierarchical.ThrowableCollector.execute(ThrowableCollector.java:73)\n\tat org.junit.platform.engine.support.hierarchical.NodeTestTask.executeRecursively(NodeTestTask.java:138)\n\tat org.junit.platform.engine.support.hierarchical.NodeTestTask.execute(NodeTestTask.java:95)\n\tat org.junit.platform.engine.support.hierarchical.SameThreadHierarchicalTestExecutorService.submit(SameThreadHierarchicalTestExecutorService.java:35)\n\tat org.junit.platform.engine.support.hierarchical.HierarchicalTestExecutor.execute(HierarchicalTestExecutor.java:57)\n\tat org.junit.platform.engine.support.hierarchical.HierarchicalTestEngine.execute(HierarchicalTestEngine.java:54)\n\tat org.junit.platform.launcher.core.EngineExecutionOrchestrator.execute(EngineExecutionOrchestrator.java:198)\n\tat org.junit.platform.launcher.core.EngineExecutionOrchestrator.execute(EngineExecutionOrchestrator.java:169)\n\tat org.junit.platform.launcher.core.EngineExecutionOrchestrator.execute(EngineExecutionOrchestrator.java:93)\n\tat org.junit.platform.launcher.core.EngineExecutionOrchestrator.lambda$execute$0(EngineExecutionOrchestrator.java:58)\n\tat org.junit.platform.launcher.core.EngineExecutionOrchestrator.withInterceptedStreams(EngineExecutionOrchestrator.java:141)\n\tat org.junit.platform.launcher.core.EngineExecutionOrchestrator.execute(EngineExecutionOrchestrator.java:57)\n\tat org.junit.platform.launcher.core.DefaultLauncher.execute(DefaultLauncher.java:103)\n\tat org.junit.platform.launcher.core.DefaultLauncher.execute(DefaultLauncher.java:85)\n\tat org.junit.platform.launcher.core.DelegatingLauncher.execute(DelegatingLauncher.java:47)\n\tat org.gradle.api.internal.tasks.testing.junitplatform.JUnitPlatformTestClassProcessor$CollectAllTestClassesExecutor.processAllTestClasses(JUnitPlatformTestClassProcessor.java:124)\n\tat org.gradle.api.internal.tasks.testing.junitplatform.JUnitPlatformTestClassProcessor$CollectAllTestClassesExecutor.access$000(JUnitPlatformTestClassProcessor.java:99)\n\tat org.gradle.api.internal.tasks.testing.junitplatform.JUnitPlatformTestClassProcessor.stop(JUnitPlatformTestClassProcessor.java:94)\n\tat org.gradle.api.internal.tasks.testing.SuiteTestClassProcessor.stop(SuiteTestClassProcessor.java:63)\n\tat java.base/jdk.internal.reflect.NativeMethodAccessorImpl.invoke0(Native Method)\n\tat java.base/jdk.internal.reflect.NativeMethodAccessorImpl.invoke(NativeMethodAccessorImpl.java:77)\n\tat java.base/jdk.internal.reflect.DelegatingMethodAccessorImpl.invoke(DelegatingMethodAccessorImpl.java:43)\n\tat java.base/java.lang.reflect.Method.invoke(Method.java:569)\n\tat org.gradle.internal.dispatch.ReflectionDispatch.dispatch(ReflectionDispatch.java:36)\n\tat org.gradle.internal.dispatch.ReflectionDispatch.dispatch(ReflectionDispatch.java:24)\n\tat org.gradle.internal.dispatch.ContextClassLoaderDispatch.dispatch(ContextClassLoaderDispatch.java:33)\n\tat org.gradle.internal.dispatch.ProxyDispatchAdapter$DispatchingInvocationHandler.invoke(ProxyDispatchAdapter.java:92)\n\tat jdk.proxy1/jdk.proxy1.$Proxy4.stop(Unknown Source)\n\tat org.gradle.api.internal.tasks.testing.worker.TestWorker$3.run(TestWorker.java:200)\n\tat org.gradle.api.internal.tasks.testing.worker.TestWorker.executeAndMaintainThreadName(TestWorker.java:132)\n\tat org.gradle.api.internal.tasks.testing.worker.TestWorker.execute(TestWorker.java:103)\n\tat org.gradle.api.internal.tasks.testing.worker.TestWorker.execute(TestWorker.java:63)\n\tat org.gradle.process.internal.worker.child.ActionExecutionWorker.execute(ActionExecutionWorker.java:56)\n\tat org.gradle.process.internal.worker.child.SystemApplicationClassLoaderWorker.call(SystemApplicationClassLoaderWorker.java:121)\n\tat org.gradle.process.internal.worker.child.SystemApplicationClassLoaderWorker.call(SystemApplicationClassLoaderWorker.java:71)\n\tat worker.org.gradle.process.internal.worker.GradleWorkerMain.run(GradleWorkerMain.java:69)\n\tat worker.org.gradle.process.internal.worker.GradleWorkerMain.main(GradleWorkerMain.java:74)\n","steps":[],"attachments":[],"parameters":[],"shouldDisplayMessage":true,"stepsCount":0,"attachmentsCount":0,"hasContent":true,"attachmentStep":false}],"attachments":[],"parameters":[],"shouldDisplayMessage":true,"stepsCount":4,"attachmentsCount":6,"hasContent":true,"attachmentStep":false},"afterStages":[],"labels":[{"name":"tag","value":"Smoke"},{"name":"tag","value":"API"},{"name":"junit.platform.uniqueid","value":"[engine:junit-jupiter]/[class:tests.api.BagApiTests]/[method:addAndGetItemsTest()]"},{"name":"host","value":"pkrvmq0rgcvqdmg"},{"name":"thread","value":"3245@pkrvmq0rgcvqdmg.Test worker(1)"},{"name":"framework","value":"junit-platform"},{"name":"language","value":"java"},{"name":"package","value":"tests.api.BagApiTests"},{"name":"testClass","value":"tests.api.BagApiTests"},{"name":"testMethod","value":"addAndGetItemsTest"},{"name":"suite","value":"tests.api.BagApiTests"},{"name":"severity","value":"critical"},{"name":"resultFormat","value":"allure2"}],"parameters":[],"links":[],"hidden":false,"retry":false,"extra":{"severity":"critical","retries":[],"categories":[{"name":"Product defects","matchedStatuses":[],"flaky":false}],"history":{"statistic":{"failed":9,"broken":0,"skipped":0,"passed":4,"unknown":0,"total":13},"items":[{"uid":"cda46c6162e36e87","reportUrl":"https://ISmeneger.github.io/American_Eagle_java_automation/17//#testresult/cda46c6162e36e87","status":"failed","statusDetails":"1 expectation failed.\nExpected status code <202> but was <422>.\n","time":{"start":1752882411240,"stop":1752882412560,"duration":1320}},{"uid":"3cabf933cbab532a","reportUrl":"https://ISmeneger.github.io/American_Eagle_java_automation/16//#testresult/3cabf933cbab532a","status":"failed","statusDetails":"1 expectation failed.\nExpected status code <202> but was <422>.\n","time":{"start":1752881468144,"stop":1752881469421,"duration":1277}},{"uid":"25548d4acc0e4402","reportUrl":"https://ISmeneger.github.io/American_Eagle_java_automation/15//#testresult/25548d4acc0e4402","status":"failed","statusDetails":"1 expectation failed.\nExpected status code <202> but was <422>.\n","time":{"start":1752875629719,"stop":1752875631255,"duration":1536}},{"uid":"f559e588f63cab25","reportUrl":"https://ISmeneger.github.io/American_Eagle_java_automation/14//#testresult/f559e588f63cab25","status":"failed","statusDetails":"1 expectation failed.\nExpected status code <202> but was <422>.\n","time":{"start":1752873554892,"stop":1752873556626,"duration":1734}},{"uid":"8367d0e1cf3bd388","reportUrl":"https://ISmeneger.github.io/American_Eagle_java_automation/13//#testresult/8367d0e1cf3bd388","status":"failed","statusDetails":"1 expectation failed.\nExpected status code <202> but was <422>.\n","time":{"start":1752872187190,"stop":1752872188443,"duration":1253}},{"uid":"b07155d6d0ddf208","reportUrl":"https://ISmeneger.github.io/American_Eagle_java_automation/12//#testresult/b07155d6d0ddf208","status":"failed","statusDetails":"1 expectation failed.\nExpected status code <202> but was <422>.\n","time":{"start":1752870006755,"stop":1752870007948,"duration":1193}},{"uid":"4dd21939176a5a52","reportUrl":"https://ISmeneger.github.io/American_Eagle_java_automation/11//#testresult/4dd21939176a5a52","status":"failed","statusDetails":"1 expectation failed.\nExpected status code <202> but was <422>.\n","time":{"start":1752781714295,"stop":1752781715479,"duration":1184}},{"uid":"a6d6c2ce10a804a0","reportUrl":"https://ISmeneger.github.io/American_Eagle_java_automation/10//#testresult/a6d6c2ce10a804a0","status":"failed","statusDetails":"1 expectation failed.\nExpected status code <202> but was <422>.\n","time":{"start":1752777678839,"stop":1752777680074,"duration":1235}},{"uid":"9c095b370d5174e0","reportUrl":"https://ISmeneger.github.io/American_Eagle_java_automation/9//#testresult/9c095b370d5174e0","status":"passed","time":{"start":1752700593305,"stop":1752700594794,"duration":1489}},{"uid":"b01ea56d4ca7ec7b","reportUrl":"https://ISmeneger.github.io/American_Eagle_java_automation/8//#testresult/b01ea56d4ca7ec7b","status":"passed","time":{"start":1752518425781,"stop":1752518427866,"duration":2085}},{"uid":"3b88820d3da7efe9","reportUrl":"https://ISmeneger.github.io/American_Eagle_java_automation/7//#testresult/3b88820d3da7efe9","status":"passed","time":{"start":1752515662796,"stop":1752515664595,"duration":1799}},{"uid":"ba7c1b185a85a56c","reportUrl":"https://ISmeneger.github.io/American_Eagle_java_automation/6//#testresult/ba7c1b185a85a56c","status":"passed","time":{"start":1752514854744,"stop":1752514856356,"duration":1612}}]},"tags":["API","Smoke"]},"source":"6bf59f3645d94504.json","parameterValues":[]}